{
  "RSpec": {
    "coverage": {
      "/Users/apprentice/Desktop/angelo-sam/stack-overflow-workshop-challenge/dbc_overflow/app/helpers/answers_helper.rb": [
        1,
        null
      ],
      "/Users/apprentice/Desktop/angelo-sam/stack-overflow-workshop-challenge/dbc_overflow/app/helpers/application_helper.rb": [
        1,
        null
      ],
      "/Users/apprentice/Desktop/angelo-sam/stack-overflow-workshop-challenge/dbc_overflow/app/helpers/questions_helper.rb": [
        1,
        null
      ],
      "/Users/apprentice/Desktop/angelo-sam/stack-overflow-workshop-challenge/dbc_overflow/app/helpers/welcome_helper.rb": [
        1,
        null
      ],
      "/Users/apprentice/Desktop/angelo-sam/stack-overflow-workshop-challenge/dbc_overflow/app/controllers/answers_controller.rb": [
        1,
        1,
        2,
        2,
        2,
        null,
        null,
        1,
        1,
        1,
        null,
        1,
        1,
        null,
        1,
        null,
        null,
        null,
        1,
        1,
        1,
        null,
        1,
        1,
        null,
        1,
        null,
        null,
        null,
        1,
        1,
        2,
        null,
        null
      ],
      "/Users/apprentice/Desktop/angelo-sam/stack-overflow-workshop-challenge/dbc_overflow/app/controllers/application_controller.rb": [
        1,
        null,
        null,
        1,
        null
      ],
      "/Users/apprentice/Desktop/angelo-sam/stack-overflow-workshop-challenge/dbc_overflow/app/controllers/questions_controller.rb": [
        1,
        null,
        1,
        3,
        null,
        null,
        1,
        3,
        null,
        null,
        1,
        2,
        null,
        2,
        2,
        null,
        null,
        1,
        1,
        1,
        null,
        1,
        null,
        null,
        1,
        0,
        null,
        null,
        1,
        1,
        null,
        1,
        1,
        null,
        0,
        null,
        null,
        null,
        1,
        1,
        null,
        1,
        1,
        null,
        1,
        null,
        null,
        null,
        1,
        1,
        null,
        1,
        1,
        null,
        1,
        null,
        null,
        1,
        1,
        3,
        null,
        null
      ],
      "/Users/apprentice/Desktop/angelo-sam/stack-overflow-workshop-challenge/dbc_overflow/app/controllers/welcome_controller.rb": [
        1,
        1,
        1,
        1,
        1,
        1,
        null,
        0,
        0,
        null,
        0,
        null,
        null,
        null
      ],
      "/Users/apprentice/Desktop/angelo-sam/stack-overflow-workshop-challenge/dbc_overflow/app/models/answer.rb": [
        1,
        1,
        null
      ],
      "/Users/apprentice/Desktop/angelo-sam/stack-overflow-workshop-challenge/dbc_overflow/app/models/question.rb": [
        1,
        1,
        null,
        null
      ]
    },
    "timestamp": 1418169118
  }
}
